JvmtiExport can_access_local_variables 0
JvmtiExport can_hotswap_or_post_breakpoint 0
JvmtiExport can_post_on_exceptions 0
# 151 ciObject found
instanceKlass org/jetbrains/kotlin/daemon/report/CompileIterationResult$Companion
instanceKlass org/jetbrains/kotlin/daemon/report/CompileIterationResult
instanceKlass org/jetbrains/kotlin/daemon/client/BasicCompilerServicesWithResultsFacadeServerKt$WhenMappings
instanceKlass org/jetbrains/kotlin/daemon/client/BasicCompilerServicesWithResultsFacadeServerKt
instanceKlass org/jetbrains/kotlin/compilerRunner/GradleCompilerServicesFacadeImpl$WhenMappings
instanceKlass sun/rmi/server/DeserializationChecker
instanceKlass sun/rmi/transport/SequenceEntry
instanceKlass sun/rmi/transport/DGCImpl$1
instanceKlass sun/rmi/transport/DGCImpl$LeaseInfo
instanceKlass java/util/logging/Logger$1
instanceKlass java/io/ObjectInputStream$Logging
instanceKlass java/io/ObjectInputStream$FilterValues
instanceKlass sun/rmi/server/UnicastServerRef$1
instanceKlass sun/rmi/transport/Transport$1
instanceKlass sun/rmi/transport/Transport$$Lambda$355
instanceKlass sun/rmi/transport/tcp/TCPTransport$ConnectionHandler$$Lambda$354
instanceKlass sun/rmi/transport/tcp/TCPTransport$ConnectionHandler
instanceKlass sun/rmi/transport/DGCAckHandler$1
instanceKlass sun/rmi/transport/DGCAckHandler
instanceKlass sun/rmi/server/UnicastServerRef$HashToMethod_Maps$1
instanceKlass sun/rmi/transport/ObjectTable$Reaper
instanceKlass sun/rmi/transport/tcp/TCPTransport$AcceptLoop
instanceKlass java/lang/reflect/Proxy$KeyX
instanceKlass sun/rmi/server/Util$1
instanceKlass org/jetbrains/kotlin/daemon/common/SimpleDirtyData
instanceKlass org/jetbrains/kotlin/daemon/common/LoopbackNetworkInterface$ServerLoopbackSocketFactory
instanceKlass org/jetbrains/kotlin/daemon/common/IncrementalCompilerServicesFacade
instanceKlass org/jetbrains/kotlin/daemon/common/ReportSeverity$Companion
instanceKlass org/jetbrains/kotlin/daemon/common/ReportCategory$Companion
instanceKlass org/jetbrains/kotlin/daemon/common/IncrementalCompilationOptions$Companion
instanceKlass org/jetbrains/kotlin/daemon/client/CompileServiceSession
instanceKlass sun/rmi/server/WeakClassHashMap$ValueCell
instanceKlass org/jetbrains/kotlin/daemon/common/DaemonWithMetadata
instanceKlass sun/rmi/transport/ObjectEndpoint
instanceKlass sun/rmi/transport/ObjectTable
instanceKlass sun/rmi/transport/Target
instanceKlass sun/rmi/transport/DGCImpl$2$1
instanceKlass sun/rmi/transport/DGCImpl_Skel
instanceKlass java/rmi/server/Skeleton
instanceKlass sun/rmi/transport/DGCImpl$2$$Lambda$353
instanceKlass sun/misc/ObjectInputFilter$FilterInfo
instanceKlass sun/rmi/server/Dispatcher
instanceKlass java/rmi/server/ServerRef
instanceKlass sun/rmi/transport/DGCImpl$2
instanceKlass sun/rmi/transport/DGCImpl$$Lambda$352
instanceKlass sun/rmi/transport/DGCClient$EndpointEntry$RenewCleanThread$1
instanceKlass sun/rmi/transport/DGCClient$EndpointEntry$1
instanceKlass java/rmi/dgc/Lease
instanceKlass sun/rmi/transport/DGCClient$EndpointEntry$RefEntry
instanceKlass sun/misc/GC$Daemon$1
instanceKlass sun/misc/GC$LatencyRequest
instanceKlass sun/misc/GC$LatencyLock
instanceKlass sun/misc/GC
instanceKlass sun/rmi/transport/DGCClient$EndpointEntry$RenewCleanThread
instanceKlass sun/rmi/transport/DGCImpl
instanceKlass java/rmi/dgc/DGC
instanceKlass sun/rmi/transport/DGCClient$EndpointEntry
instanceKlass java/rmi/dgc/VMID
instanceKlass sun/rmi/transport/DGCClient
instanceKlass sun/rmi/runtime/NewThreadAction$2
instanceKlass sun/rmi/runtime/NewThreadAction$1
instanceKlass sun/rmi/runtime/NewThreadAction
instanceKlass sun/rmi/transport/tcp/TCPChannel$1
instanceKlass java/rmi/server/RemoteObjectInvocationHandler$1
instanceKlass sun/rmi/server/WeakClassHashMap
instanceKlass org/jetbrains/kotlin/daemon/common/CompilationOptions$Companion
instanceKlass org/jetbrains/kotlin/cli/common/repl/ReplCodeLine$Companion
instanceKlass org/jetbrains/kotlin/daemon/common/CompileService$Companion
instanceKlass org/jetbrains/kotlin/daemon/common/RemoteInputStream
instanceKlass org/jetbrains/kotlin/cli/common/repl/ReplCodeLine
instanceKlass org/jetbrains/kotlin/daemon/common/RemoteOperationsTracer
instanceKlass org/jetbrains/kotlin/daemon/common/RemoteOutputStream
instanceKlass org/jetbrains/kotlin/daemon/common/CompilerCallbackServicesFacade
instanceKlass org/jetbrains/kotlin/daemon/common/CompilationResults
instanceKlass org/jetbrains/kotlin/daemon/common/CompilerServicesFacadeBase
instanceKlass org/jetbrains/kotlin/daemon/common/CompilationOptions
instanceKlass org/jetbrains/kotlin/daemon/common/CompileService$CallResult
instanceKlass org/jetbrains/kotlin/daemon/common/CompileService
instanceKlass sun/rmi/server/LoaderHandler
instanceKlass java/rmi/server/RMIClassLoader$1
instanceKlass java/rmi/server/RMIClassLoaderSpi
instanceKlass java/rmi/server/RMIClassLoader
instanceKlass java/rmi/activation/ActivationGroupDesc
instanceKlass java/rmi/activation/ActivationMonitor
instanceKlass java/rmi/activation/ActivationID
instanceKlass java/rmi/activation/ActivationDesc
instanceKlass java/rmi/activation/ActivationInstantiator
instanceKlass java/rmi/activation/ActivationGroupID
instanceKlass java/rmi/activation/ActivationSystem
instanceKlass sun/rmi/server/MarshalOutputStream$1
instanceKlass sun/rmi/transport/StreamRemoteCall
instanceKlass java/rmi/server/RemoteCall
instanceKlass java/net/Socket$2
instanceKlass sun/rmi/transport/proxy/RMISocketInfo
instanceKlass java/net/Socket$3
instanceKlass sun/rmi/transport/tcp/TCPConnection
instanceKlass sun/rmi/transport/Connection
instanceKlass sun/net/spi/DefaultProxySelector$3
instanceKlass sun/net/spi/DefaultProxySelector$NonProxyInfo
instanceKlass sun/net/NetProperties$1
instanceKlass sun/net/NetProperties
instanceKlass sun/net/spi/DefaultProxySelector$1
instanceKlass java/net/ProxySelector
instanceKlass java/net/SocksSocketImpl$3
instanceKlass sun/rmi/runtime/RuntimeUtil$1
instanceKlass sun/rmi/runtime/RuntimeUtil
instanceKlass sun/rmi/runtime/RuntimeUtil$GetInstanceAction
instanceKlass sun/rmi/transport/tcp/TCPChannel
instanceKlass sun/rmi/transport/Channel
instanceKlass java/rmi/server/Operation
instanceKlass java/rmi/server/RemoteObject
instanceKlass java/rmi/registry/Registry
instanceKlass java/rmi/Remote
instanceKlass sun/rmi/server/Util
instanceKlass sun/rmi/server/UnicastRef
instanceKlass java/rmi/server/RemoteRef
instanceKlass java/rmi/server/RMISocketFactory
instanceKlass java/rmi/server/RMIServerSocketFactory
instanceKlass sun/rmi/transport/tcp/TCPTransport$1
instanceKlass sun/security/action/GetLongAction
instanceKlass sun/security/action/GetIntegerAction
instanceKlass sun/util/logging/LoggingSupport$2
instanceKlass java/util/logging/Formatter
instanceKlass sun/rmi/runtime/Log$LoggerLog$1
instanceKlass sun/rmi/runtime/Log$LoggerLogFactory
instanceKlass sun/rmi/runtime/Log$LogFactory
instanceKlass sun/rmi/runtime/Log
instanceKlass sun/rmi/transport/Transport
instanceKlass sun/rmi/transport/tcp/TCPEndpoint
instanceKlass sun/rmi/transport/Endpoint
instanceKlass java/rmi/server/UID
instanceKlass java/rmi/server/ObjID
instanceKlass sun/rmi/transport/LiveRef
instanceKlass java/rmi/registry/LocateRegistry
instanceKlass org/jetbrains/kotlin/daemon/common/LoopbackNetworkInterface$ClientLoopbackSocketFactory
instanceKlass java/rmi/server/RMIClientSocketFactory
instanceKlass org/jetbrains/kotlin/daemon/common/LoopbackNetworkInterface
instanceKlass org/gradle/internal/operations/DefaultBuildOperationQueue$1
instanceKlass sun/nio/cs/UTF_8$1
instanceKlass org/gradle/internal/progress/BuildOperationDescriptor$1
instanceKlass org/gradle/internal/serialize/CausePlaceholder
instanceKlass org/gradle/internal/serialize/ExceptionPlaceholder$1
instanceKlass org/gradle/internal/serialize/ExceptionReplacingObjectOutputStream$2
instanceKlass org/jetbrains/kotlin/com/intellij/ide/plugins/PluginClassCache
instanceKlass org/jetbrains/kotlin/gnu/trove/TObjectIntProcedure
instanceKlass org/jetbrains/kotlin/com/intellij/util/graph/InboundSemiGraph
instanceKlass org/jetbrains/kotlin/com/intellij/openapi/extensions/LogProvider
instanceKlass org/jetbrains/kotlin/com/intellij/ide/plugins/IdeaPluginDescriptor
instanceKlass org/jetbrains/kotlin/com/intellij/openapi/extensions/PluginDescriptor
instanceKlass org/jetbrains/kotlin/com/intellij/util/xmlb/JDOMXIncluder$PathResolver
instanceKlass org/jetbrains/kotlin/com/intellij/ide/plugins/PluginManagerCore
instanceKlass org/jetbrains/kotlin/cli/jvm/compiler/KotlinCoreEnvironment$Companion
instanceKlass org/jetbrains/kotlin/cli/jvm/compiler/KotlinCoreEnvironment
instanceKlass org/jetbrains/kotlin/com/intellij/util/containers/hash/LinkedHashMap$Entry
instanceKlass org/jetbrains/kotlin/com/intellij/util/containers/hash/HashUtil
instanceKlass org/jetbrains/kotlin/com/intellij/util/containers/SLRUMap
instanceKlass org/jetbrains/kotlin/com/intellij/util/io/ResourceHandle
instanceKlass org/jetbrains/kotlin/com/intellij/util/io/FileAccessorCache
instanceKlass org/jetbrains/kotlin/com/intellij/util/containers/hash/EqualityPolicy
instanceKlass org/jetbrains/kotlin/com/intellij/openapi/vfs/impl/AddonlyKeylessHash$KeyValueMapper
instanceKlass org/jetbrains/kotlin/com/intellij/openapi/util/Getter
instanceKlass org/jetbrains/kotlin/com/intellij/openapi/vfs/impl/ArchiveHandler
instanceKlass org/jetbrains/kotlin/gradle/utils/SystemUtilsKt
instanceKlass org/gradle/internal/buildevents/BuildExceptionReporter$2
instanceKlass org/gradle/internal/logging/text/BufferingStyledTextOutput$ChangeStyleAction
instanceKlass org/gradle/internal/logging/text/BufferingStyledTextOutput$1
instanceKlass org/gradle/internal/buildevents/BuildExceptionReporter$FailureDetails
instanceKlass org/codehaus/groovy/runtime/StackTraceUtils
instanceKlass org/gradle/internal/exceptions/Contextual
instanceKlass org/gradle/tooling/internal/provider/events/DefaultFailure
instanceKlass org/gradle/tooling/internal/protocol/InternalFailure
instanceKlass org/jetbrains/kotlin/gradle/tasks/TasksUtilsKt$WhenMappings
instanceKlass org/jetbrains/kotlin/gradle/tasks/TasksUtilsKt
instanceKlass org/jetbrains/kotlin/compilerRunner/UtilsKt
instanceKlass org/jetbrains/kotlin/cli/common/messages/PlainTextMessageRenderer
instanceKlass org/jetbrains/kotlin/cli/common/messages/XmlMessageRenderer
instanceKlass org/jetbrains/kotlin/cli/common/messages/MessageRenderer
instanceKlass org/jetbrains/kotlin/compilerRunner/GradleCompilerRunner$loggingMessageCollector$2$1
instanceKlass org/jetbrains/kotlin/gradle/tasks/GradleMessageCollector$WhenMappings
instanceKlass org/jetbrains/kotlin/cli/common/messages/MessageCollector$DefaultImpls
instanceKlass org/jetbrains/kotlin/compilerRunner/KotlinCompilerRunner$WhenMappings
instanceKlass kotlin/io/LinesSequence$iterator$1
instanceKlass kotlin/sequences/ConstrainedOnceSequence
instanceKlass kotlin/io/LinesSequence
instanceKlass kotlin/io/TextStreamsKt
instanceKlass kotlin/concurrent/ThreadsKt
instanceKlass net/rubygrapefruit/platform/internal/jni/WindowsHandleFunctions
instanceKlass net/rubygrapefruit/platform/internal/FunctionResult
instanceKlass net/rubygrapefruit/platform/internal/DefaultProcessLauncher
instanceKlass net/rubygrapefruit/platform/internal/WindowsProcessLauncher
instanceKlass net/rubygrapefruit/platform/internal/WrapperProcessLauncher
instanceKlass net/rubygrapefruit/platform/Terminals
instanceKlass net/rubygrapefruit/platform/WindowsFiles
instanceKlass net/rubygrapefruit/platform/Files
instanceKlass net/rubygrapefruit/platform/internal/jni/NativeLibraryFunctions
instanceKlass net/rubygrapefruit/platform/internal/LibraryDef
instanceKlass net/rubygrapefruit/platform/internal/NativeLibraryLocator
instanceKlass net/rubygrapefruit/platform/internal/NativeLibraryLoader
instanceKlass net/rubygrapefruit/platform/Process
instanceKlass net/rubygrapefruit/platform/internal/Platform
instanceKlass net/rubygrapefruit/platform/Native
instanceKlass net/rubygrapefruit/platform/ProcessLauncher
instanceKlass net/rubygrapefruit/platform/NativeIntegration
instanceKlass org/jetbrains/kotlin/daemon/client/NativePlatformLauncherWrapper
instanceKlass org/jetbrains/kotlin/daemon/client/NativePlatformUtilKt
instanceKlass org/jetbrains/kotlin/daemon/client/DaemonReportMessage
instanceKlass org/jetbrains/kotlin/daemon/client/KotlinCompilerClientKt
instanceKlass org/jetbrains/kotlin/daemon/client/KotlinCompilerClient$tryFindSuitableDaemonOrNewOpts$$inlined$thenBy$1
instanceKlass org/jetbrains/kotlin/daemon/common/FileAgeComparator
instanceKlass org/jetbrains/kotlin/daemon/client/KotlinCompilerClient$tryFindSuitableDaemonOrNewOpts$$inlined$compareBy$1
instanceKlass org/jetbrains/kotlin/daemon/common/DaemonJVMOptionsMemoryComparator
instanceKlass org/jetbrains/kotlin/daemon/common/ClientUtilsKt
instanceKlass org/jetbrains/kotlin/daemon/common/NetworkUtilsKt
instanceKlass org/jetbrains/kotlin/daemon/client/KotlinCompilerClient
instanceKlass org/jetbrains/kotlin/daemon/common/DummyProfiler
instanceKlass org/jetbrains/kotlin/daemon/common/Profiler
instanceKlass org/jetbrains/kotlin/daemon/client/DaemonReportingTargets
instanceKlass org/jetbrains/kotlin/daemon/common/PropMapper
instanceKlass org/jetbrains/kotlin/daemon/common/DaemonJVMOptions
instanceKlass kotlin/text/CharsKt__CharJVMKt
instanceKlass org/jetbrains/kotlin/daemon/common/FileSystemUtilsKt
instanceKlass org/jetbrains/kotlin/daemon/common/FileSystem$WhenMappings
instanceKlass org/jetbrains/kotlin/daemon/common/OSKind$Companion
instanceKlass org/jetbrains/kotlin/daemon/common/FileSystem
instanceKlass org/jetbrains/kotlin/daemon/common/DaemonOptions
instanceKlass org/jetbrains/kotlin/daemon/common/DaemonParamsKt
instanceKlass kotlin/collections/CharIterator
instanceKlass kotlin/ranges/CharRange$Companion
instanceKlass kotlin/ranges/CharProgression$Companion
instanceKlass kotlin/ranges/CharProgression
instanceKlass java/net/URLEncoder
instanceKlass java/net/URLDecoder
instanceKlass com/sun/tools/javac/util/Context
instanceKlass org/jetbrains/kotlin/daemon/common/CompilerId$Companion
instanceKlass org/jetbrains/kotlin/daemon/common/CompilerId
instanceKlass org/jetbrains/kotlin/daemon/common/OptionsGroup
instanceKlass org/jetbrains/kotlin/gnu/trove/PrimeFinder
instanceKlass org/jetbrains/kotlin/gnu/trove/TObjectHash$NULL
instanceKlass org/jetbrains/kotlin/gnu/trove/TObjectObjectProcedure
instanceKlass org/jetbrains/kotlin/gnu/trove/THash
instanceKlass sun/nio/cs/SingleByte
instanceKlass org/jetbrains/kotlin/com/intellij/openapi/vfs/CharsetToolkit
instanceKlass org/jetbrains/kotlin/utils/Printer
instanceKlass org/jetbrains/kotlin/modules/KotlinModuleXmlBuilder
instanceKlass org/jetbrains/kotlin/incremental/BuildUtilKt
instanceKlass kotlin/sequences/SequencesKt___SequencesKt$asIterable$$inlined$Iterable$1
instanceKlass org/jetbrains/kotlin/build/JvmSourceRoot
instanceKlass org/jetbrains/kotlin/config/Services$Builder
instanceKlass org/jetbrains/kotlin/config/Services$Companion
instanceKlass org/jetbrains/kotlin/config/Services
instanceKlass kotlin/collections/AbstractIterator$WhenMappings
instanceKlass kotlin/io/FileTreeWalk$WalkState
instanceKlass kotlin/io/FileTreeWalk$FileTreeWalkIterator$WhenMappings
instanceKlass kotlin/collections/AbstractIterator
instanceKlass kotlin/io/FileTreeWalk
instanceKlass org/jetbrains/kotlin/compilerRunner/CompilerEnvironment
instanceKlass org/jetbrains/kotlin/incremental/GradleICReporter
instanceKlass org/jetbrains/kotlin/compilerRunner/GradleKotlinLogger
instanceKlass org/jetbrains/kotlin/compilerRunner/KotlinLogger
instanceKlass org/jetbrains/kotlin/compilerRunner/OutputItemsCollectorImpl
instanceKlass org/jetbrains/kotlin/compilerRunner/OutputItemsCollector
instanceKlass org/jetbrains/kotlin/gradle/tasks/GradleMessageCollector
instanceKlass org/jetbrains/kotlin/incremental/ChangedFilesKt$ChangedFiles$2
instanceKlass org/jetbrains/kotlin/incremental/ChangedFilesKt$ChangedFiles$1
instanceKlass org/jetbrains/kotlin/incremental/ChangedFilesKt
instanceKlass org/jetbrains/kotlin/com/intellij/openapi/util/io/NullAppendable
instanceKlass org/jetbrains/kotlin/com/intellij/util/Function$2
instanceKlass org/jetbrains/kotlin/com/intellij/util/NullableFunction$1
instanceKlass org/jetbrains/kotlin/com/intellij/util/Function$1
instanceKlass org/jetbrains/kotlin/com/intellij/util/Function$Mono
instanceKlass org/jetbrains/kotlin/com/intellij/util/Functions$7
instanceKlass org/jetbrains/kotlin/com/intellij/util/Functions$6
instanceKlass org/jetbrains/kotlin/com/intellij/util/Functions$5
instanceKlass org/jetbrains/kotlin/com/intellij/util/Functions$4
instanceKlass org/jetbrains/kotlin/com/intellij/util/Functions
instanceKlass org/jetbrains/kotlin/com/intellij/util/containers/FilteredTraverserBase$Cond$2
instanceKlass org/jetbrains/kotlin/com/intellij/util/containers/FilteredTraverserBase$Cond$1
instanceKlass org/jetbrains/kotlin/com/intellij/openapi/util/Condition$3
instanceKlass org/jetbrains/kotlin/com/intellij/openapi/util/Condition$2
instanceKlass org/jetbrains/kotlin/com/intellij/openapi/util/Condition$1
instanceKlass org/jetbrains/kotlin/com/intellij/openapi/util/Conditions
instanceKlass org/jetbrains/kotlin/com/intellij/util/containers/FilteredTraverserBase$Cond
instanceKlass org/jetbrains/kotlin/com/intellij/util/containers/JBIterator
instanceKlass org/jetbrains/kotlin/com/intellij/util/containers/TreeTraversal
instanceKlass org/jetbrains/kotlin/com/intellij/util/containers/Convertor
instanceKlass org/jetbrains/kotlin/com/intellij/util/containers/JBIterable
instanceKlass org/jetbrains/kotlin/com/intellij/util/containers/TreeTraversal$GuidedIt$Guide
instanceKlass org/jetbrains/kotlin/com/intellij/util/containers/FilteredTraverserBase$Meta
instanceKlass org/jetbrains/kotlin/com/intellij/util/containers/FilteredTraverserBase
instanceKlass org/jetbrains/kotlin/com/intellij/openapi/util/io/FileUtil$5
instanceKlass org/jetbrains/kotlin/com/intellij/openapi/util/io/FileUtil$1
instanceKlass org/jetbrains/kotlin/com/intellij/util/text/CaseInsensitiveStringHashingStrategy
instanceKlass org/jetbrains/kotlin/com/intellij/util/text/FilePathHashingStrategy
instanceKlass org/jetbrains/kotlin/com/intellij/openapi/util/RecursionGuard$StackStamp
instanceKlass org/jetbrains/kotlin/com/intellij/openapi/util/RecursionGuard
instanceKlass org/jetbrains/kotlin/com/intellij/openapi/util/RecursionManager
instanceKlass org/jetbrains/kotlin/com/intellij/util/SystemProperties
instanceKlass org/jetbrains/kotlin/com/intellij/openapi/util/NotNullLazyValue
instanceKlass org/jetbrains/kotlin/com/intellij/openapi/util/SystemInfoRt
instanceKlass org/jetbrains/kotlin/com/intellij/Patches
instanceKlass org/jetbrains/kotlin/com/intellij/openapi/util/io/FileUtilRt$2
instanceKlass org/jetbrains/kotlin/com/intellij/openapi/util/io/FileUtilRt$1
instanceKlass org/jetbrains/kotlin/com/intellij/util/NotNullProducer
instanceKlass org/jetbrains/kotlin/com/intellij/util/Producer
instanceKlass org/jetbrains/kotlin/gnu/trove/TObjectHashingStrategy
instanceKlass org/jetbrains/kotlin/gnu/trove/Equality
instanceKlass org/jetbrains/kotlin/com/intellij/openapi/util/io/FileUtilRt$RepeatableIOOperation
instanceKlass org/jetbrains/kotlin/com/intellij/openapi/util/io/FileUtilRt
instanceKlass org/jetbrains/kotlin/gradle/tasks/SourceRootsKt$sam$Spec$a97a55a7
instanceKlass org/jetbrains/kotlin/incremental/FileUtilsKt
instanceKlass org/jetbrains/kotlin/gradle/tasks/SourceRoots$ForJvm$Companion
instanceKlass org/jetbrains/kotlin/gradle/tasks/SourceRoots$Companion
instanceKlass com/android/utils/XmlUtils$PositionAwareStringBuilder
instanceKlass com/android/ide/common/blame/MergingLogPersistUtil$SourcePositionsSerializer
instanceKlass com/android/ide/common/blame/MergingLogPersistUtil$$Lambda$351
instanceKlass java/util/concurrent/ConcurrentHashMap$MapEntry
instanceKlass com/android/builder/internal/aapt/v2/QueueableAapt2$$Lambda$350
instanceKlass com/android/builder/internal/aapt/v2/Aapt2QueuedResourceProcessor$$Lambda$349
instanceKlass com/android/builder/internal/aapt/v2/Aapt2QueuedResourceProcessor$1
instanceKlass com/android/ide/common/blame/MergingLogPersistUtil$$Lambda$348
instanceKlass com/android/ide/common/blame/SourceFileJsonTypeAdapter$1
instanceKlass com/android/ide/common/blame/MergingLogPersistUtil
instanceKlass com/android/builder/internal/aapt/v2/Aapt2RenamingConventions
instanceKlass com/android/ide/common/res2/CompileResourceRequest
instanceKlass com/android/ide/common/res2/MergedResourceWriter$2
instanceKlass com/google/common/collect/LinkedListMultimap$NodeIterator
instanceKlass com/google/common/collect/HashBasedTable$Factory
instanceKlass java/util/concurrent/ConcurrentLinkedDeque$Node
instanceKlass com/android/ide/common/res2/MergeWriter
instanceKlass com/android/build/gradle/tasks/MergeResources$$Lambda$347
instanceKlass com/android/ide/common/res2/ResourceSet$1
instanceKlass com/android/resources/FolderTypeRelationship
instanceKlass com/android/ide/common/res2/ResourceSet$FolderData
instanceKlass com/android/ide/common/res2/DataSet$1
instanceKlass com/google/common/collect/LinkedListMultimap$ValueForKeyIterator
instanceKlass com/google/common/collect/LinkedListMultimap$DistinctKeyIterator
instanceKlass com/google/common/collect/Multimaps$AsMap$EntrySet$1
instanceKlass com/android/ide/common/res2/ValueResourceNameValidator
instanceKlass com/android/ide/common/res2/ValueResourceParser2
instanceKlass com/google/common/collect/LinkedListMultimap$KeyList
instanceKlass com/android/ide/common/rendering/api/ResourceReference
instanceKlass com/android/ide/common/res2/FileResourceNameValidator
instanceKlass com/android/ide/common/resources/configuration/FolderConfiguration
instanceKlass com/android/ide/common/res2/NoOpResourcePreprocessor
instanceKlass com/android/ide/common/res2/DataFile
instanceKlass com/android/ide/common/res2/NodeUtils
instanceKlass com/android/ide/common/res2/DataItem
instanceKlass com/android/ide/common/resources/configuration/Configurable
instanceKlass com/android/ide/common/res2/DataMerger
instanceKlass com/android/build/gradle/internal/LoggerWrapper$LoggerSupplier
instanceKlass com/android/ide/common/resources/configuration/ResourceQualifier
instanceKlass com/android/builder/png/VectorDrawableRenderer
instanceKlass com/android/build/gradle/tasks/MergeResources$$Lambda$346
instanceKlass com/android/build/gradle/internal/tasks/IncrementalTask$$Lambda$345
instanceKlass com/android/build/gradle/internal/tasks/IncrementalTask$$Lambda$344
instanceKlass org/gradle/api/internal/changedetection/rules/FileChange
instanceKlass com/android/builder/model/TestVariantBuildOutput
instanceKlass com/android/build/FilterData
instanceKlass com/android/build/OutputFile
instanceKlass com/android/build/VariantOutput
instanceKlass com/android/builder/model/VariantBuildOutput
instanceKlass com/android/builder/model/BaseBuildOutput
instanceKlass com/android/build/gradle/internal/ide/DefaultProjectBuildOutput
instanceKlass com/android/build/gradle/internal/ide/BuildOutputsSupplier$$Lambda$343
instanceKlass com/android/builder/model/VariantBuildOutput
instanceKlass com/android/build/gradle/internal/ide/BuildOutputsSupplier$$Lambda$342
instanceKlass com/android/build/gradle/internal/ide/EarlySyncBuildOutput$Companion
instanceKlass com/android/build/gradle/internal/ide/ModelBuilder$$Lambda$341
instanceKlass com/android/build/gradle/internal/ide/ModelBuilder$$Lambda$340
instanceKlass com/android/build/gradle/internal/ide/DefaultBaseBuildOutput
instanceKlass com/android/builder/model/TestVariantBuildOutput
instanceKlass com/android/builder/model/BaseBuildOutput
instanceKlass com/android/builder/model/ProjectBuildOutput
instanceKlass com/android/tools/idea/gradle/run/OutputBuildAction$PostBuildModuleModels
instanceKlass com/google/common/collect/Iterators$2
instanceKlass com/google/common/collect/PeekingIterator
instanceKlass com/google/common/collect/UnmodifiableIterator
instanceKlass com/google/common/collect/Iterators
instanceKlass org/gradle/tooling/model/gradle/GradleScript
instanceKlass com/google/common/base/Objects
instanceKlass com/google/common/base/Optional
instanceKlass org/gradle/tooling/internal/adapter/ProtocolToModelAdapter$MethodInvocationCache$MethodInvocationKey
instanceKlass org/gradle/tooling/internal/adapter/MethodInvocation
